<?xml version="1.0" encoding="UTF-8"?>
<testsuite name="TestSuite" time="15.824" tests="1" errors="0" skipped="0" failures="1">
  <properties>
[...]
</properties>
  <testcase name="addNewCustomer" classname="com.inetbanking.testCases.TC_AddCustomerTest_003" time="15.824">
    <failure message="expected [true] but found [false]" type="java.lang.AssertionError">java.lang.AssertionError: expected [true] but found [false]
	at org.testng.Assert.fail(Assert.java:96)
	at org.testng.Assert.failNotEquals(Assert.java:776)
	at org.testng.Assert.assertTrue(Assert.java:44)
	at org.testng.Assert.assertTrue(Assert.java:54)
	at com.inetbanking.testCases.TC_AddCustomerTest_003.addNewCustomer(TC_AddCustomerTest_003.java:64)
</failure>
    <system-out><![CDATA[ INFO [main] (TC_AddCustomerTest_003.java:20)- User name is provided
 INFO [main] (TC_AddCustomerTest_003.java:22)- Passsword is provided
 INFO [main] (TC_AddCustomerTest_003.java:31)- providing customer details....
 INFO [main] (TC_AddCustomerTest_003.java:50)- validation started....
 INFO [main] (TC_AddCustomerTest_003.java:62)- test case failed....
Screenshot taken
]]></system-out>
    <system-err><![CDATA[1633347074203	geckodriver	INFO	Listening on 127.0.0.1:44464
1633347074441	mozrunner::runner	INFO	Running command: "C:\\Program Files\\Mozilla Firefox\\firefox.exe" "--marionette" "-foreground" "-no-remote" "-profile" "C:\\Users\\metla\\AppData\\Local\\Temp\\rust_mozprofilehQ5jAd"
1633347074991	Marionette	INFO	Marionette enabled
console.warn: SearchSettings: "get: No settings file exists, new profile?" (new NotFoundError("Could not open the file at C:\\Users\\metla\\AppData\\Local\\Temp\\rust_mozprofilehQ5jAd\\search.json.mozlz4", (void 0)))
1633347077884	Marionette	INFO	Listening on port 52644
1633347078137	RemoteAgent	WARN	TLS certificate errors will be ignored for this session
Oct 04, 2021 5:01:18 PM org.openqa.selenium.remote.ProtocolHandshake createSession
INFO: Detected dialect: W3C
JavaScript error: https://demo.guru99.com/v4/index.php, line 1: SyntaxError: missing ) after argument list
1633347082131	Marionette	WARN	Ignoring event 'DOMContentLoaded' because document has an invalid readyState of 'complete'.
1633347094526	Marionette	WARN	TimedPromise timed out after 500 ms: stacktrace:
TimedPromise/<@chrome://remote/content/marionette/sync.js:238:19
TimedPromise@chrome://remote/content/marionette/sync.js:223:10
interaction.flushEventLoop@chrome://remote/content/marionette/interaction.js:431:10
webdriverClickElement@chrome://remote/content/marionette/interaction.js:179:31
]]></system-err>
  </testcase>
</testsuite>